DEBUG - 2025-11-04 13:29:32 --> Session: Class initialized using 'CodeIgniter\Session\Handlers\FileHandler' driver.
DEBUG - 2025-11-04 13:29:57 --> Session: Class initialized using 'CodeIgniter\Session\Handlers\FileHandler' driver.
CRITICAL - 2025-11-04 13:29:57 --> ErrorException: Undefined array key "idvisiteur"
[Method: POST, Route: connexion/valider]
in APPPATH\Controllers\Connexion.php on line 56.
 1 APPPATH\Controllers\Connexion.php(56): CodeIgniter\Debug\Exceptions->errorHandler(2, 'Undefined array key "idvisiteur"', 'Z:\\STS24_PERSON_YANIS\\Informatique\\APSLAM\\Mission3\\GSBFrais-V2\\app\\Controllers\\Connexion.php', 56)
 2 SYSTEMPATH\CodeIgniter.php(933): App\Controllers\Connexion->valider()
 3 SYSTEMPATH\CodeIgniter.php(507): CodeIgniter\CodeIgniter->runController(Object(App\Controllers\Connexion))
 4 SYSTEMPATH\CodeIgniter.php(354): CodeIgniter\CodeIgniter->handleRequest(null, Object(Config\Cache), false)
 5 SYSTEMPATH\Boot.php(363): CodeIgniter\CodeIgniter->run()
 6 SYSTEMPATH\Boot.php(68): CodeIgniter\Boot::runCodeIgniter(Object(CodeIgniter\CodeIgniter))
 7 FCPATH\index.php(59): CodeIgniter\Boot::bootWeb(Object(Config\Paths))
 8 SYSTEMPATH\rewrite.php(44): require_once('Z:\\STS24_PERSON_YANIS\\Informatique\\APSLAM\\Mission3\\GSBFrais-V2\\public\\index.php')
DEBUG - 2025-11-04 13:37:21 --> Session: Class initialized using 'CodeIgniter\Session\Handlers\FileHandler' driver.
DEBUG - 2025-11-04 13:37:22 --> Session: Class initialized using 'CodeIgniter\Session\Handlers\FileHandler' driver.
DEBUG - 2025-11-04 13:50:08 --> Session: Class initialized using 'CodeIgniter\Session\Handlers\FileHandler' driver.
DEBUG - 2025-11-04 14:35:42 --> Session: Class initialized using 'CodeIgniter\Session\Handlers\FileHandler' driver.
DEBUG - 2025-11-04 14:53:36 --> Session: Class initialized using 'CodeIgniter\Session\Handlers\FileHandler' driver.
DEBUG - 2025-11-04 14:53:58 --> Session: Class initialized using 'CodeIgniter\Session\Handlers\FileHandler' driver.
DEBUG - 2025-11-04 14:59:16 --> Session: Class initialized using 'CodeIgniter\Session\Handlers\FileHandler' driver.
DEBUG - 2025-11-04 14:59:19 --> Session: Class initialized using 'CodeIgniter\Session\Handlers\FileHandler' driver.
DEBUG - 2025-11-04 14:59:20 --> Session: Class initialized using 'CodeIgniter\Session\Handlers\FileHandler' driver.
ERROR - 2025-11-04 14:59:24 --> mysqli_sql_exception: Column 'idRole' in field list is ambiguous in Z:\STS24_PERSON_YANIS\Informatique\APSLAM\Mission3\GSBFrais-V2\system\Database\MySQLi\Connection.php:327
Stack trace:
#0 Z:\STS24_PERSON_YANIS\Informatique\APSLAM\Mission3\GSBFrais-V2\system\Database\MySQLi\Connection.php(327): mysqli->query('SELECT `idUtili...', 0)
#1 Z:\STS24_PERSON_YANIS\Informatique\APSLAM\Mission3\GSBFrais-V2\system\Database\BaseConnection.php(729): CodeIgniter\Database\MySQLi\Connection->execute('SELECT `idUtili...')
#2 Z:\STS24_PERSON_YANIS\Informatique\APSLAM\Mission3\GSBFrais-V2\system\Database\BaseConnection.php(646): CodeIgniter\Database\BaseConnection->simpleQuery('SELECT `idUtili...')
#3 Z:\STS24_PERSON_YANIS\Informatique\APSLAM\Mission3\GSBFrais-V2\system\Database\BaseBuilder.php(1649): CodeIgniter\Database\BaseConnection->query('SELECT `idUtili...', Array, false)
#4 Z:\STS24_PERSON_YANIS\Informatique\APSLAM\Mission3\GSBFrais-V2\app\Models\GsbModel.php(18): CodeIgniter\Database\BaseBuilder->get()
#5 Z:\STS24_PERSON_YANIS\Informatique\APSLAM\Mission3\GSBFrais-V2\app\Controllers\Connexion.php(52): App\Models\GsbModel->get_infos_utilisateur('yanis', '123')
#6 Z:\STS24_PERSON_YANIS\Informatique\APSLAM\Mission3\GSBFrais-V2\system\CodeIgniter.php(933): App\Controllers\Connexion->valider()
#7 Z:\STS24_PERSON_YANIS\Informatique\APSLAM\Mission3\GSBFrais-V2\system\CodeIgniter.php(507): CodeIgniter\CodeIgniter->runController(Object(App\Controllers\Connexion))
#8 Z:\STS24_PERSON_YANIS\Informatique\APSLAM\Mission3\GSBFrais-V2\system\CodeIgniter.php(354): CodeIgniter\CodeIgniter->handleRequest(NULL, Object(Config\Cache), false)
#9 Z:\STS24_PERSON_YANIS\Informatique\APSLAM\Mission3\GSBFrais-V2\system\Boot.php(363): CodeIgniter\CodeIgniter->run()
#10 Z:\STS24_PERSON_YANIS\Informatique\APSLAM\Mission3\GSBFrais-V2\system\Boot.php(68): CodeIgniter\Boot::runCodeIgniter(Object(CodeIgniter\CodeIgniter))
#11 Z:\STS24_PERSON_YANIS\Informatique\APSLAM\Mission3\GSBFrais-V2\public\index.php(59): CodeIgniter\Boot::bootWeb(Object(Config\Paths))
#12 Z:\STS24_PERSON_YANIS\Informatique\APSLAM\Mission3\GSBFrais-V2\system\rewrite.php(44): require_once('Z:\\STS24_PERSON...')
#13 {main}
CRITICAL - 2025-11-04 14:59:25 --> CodeIgniter\Database\Exceptions\DatabaseException: Column 'idRole' in field list is ambiguous
[Method: POST, Route: connexion/valider]
in SYSTEMPATH\Database\BaseConnection.php on line 684.
 1 SYSTEMPATH\Database\BaseBuilder.php(1649): CodeIgniter\Database\BaseConnection->query('SELECT `idUtilisateur`, `nom`, `prenom`, `login`, `idRole`
FROM `utilisateur`
JOIN `role` ON `utilisateur`.`idRole` = `role`.`idRole`
WHERE `login` = :login:
AND `mdp` = :mdp:', [...], false)
 2 APPPATH\Models\GsbModel.php(18): CodeIgniter\Database\BaseBuilder->get()
 3 APPPATH\Controllers\Connexion.php(52): App\Models\GsbModel->get_infos_utilisateur('yanis', '123')
 4 SYSTEMPATH\CodeIgniter.php(933): App\Controllers\Connexion->valider()
 5 SYSTEMPATH\CodeIgniter.php(507): CodeIgniter\CodeIgniter->runController(Object(App\Controllers\Connexion))
 6 SYSTEMPATH\CodeIgniter.php(354): CodeIgniter\CodeIgniter->handleRequest(null, Object(Config\Cache), false)
 7 SYSTEMPATH\Boot.php(363): CodeIgniter\CodeIgniter->run()
 8 SYSTEMPATH\Boot.php(68): CodeIgniter\Boot::runCodeIgniter(Object(CodeIgniter\CodeIgniter))
 9 FCPATH\index.php(59): CodeIgniter\Boot::bootWeb(Object(Config\Paths))
10 SYSTEMPATH\rewrite.php(44): require_once('Z:\\STS24_PERSON_YANIS\\Informatique\\APSLAM\\Mission3\\GSBFrais-V2\\public\\index.php')
CRITICAL - 2025-11-04 14:59:25 --> [Caused by] CodeIgniter\Database\Exceptions\DatabaseException: Column 'idRole' in field list is ambiguous
in SYSTEMPATH\Database\MySQLi\Connection.php on line 332.
 1 SYSTEMPATH\Database\BaseConnection.php(729): CodeIgniter\Database\MySQLi\Connection->execute('SELECT `idUtilisateur`, `nom`, `prenom`, `login`, `idRole`
FROM `utilisateur`
JOIN `role` ON `utilisateur`.`idRole` = `role`.`idRole`
WHERE `login` = \'yanis\'
AND `mdp` = \'123\'')
 2 SYSTEMPATH\Database\BaseConnection.php(646): CodeIgniter\Database\BaseConnection->simpleQuery('SELECT `idUtilisateur`, `nom`, `prenom`, `login`, `idRole`
FROM `utilisateur`
JOIN `role` ON `utilisateur`.`idRole` = `role`.`idRole`
WHERE `login` = \'yanis\'
AND `mdp` = \'123\'')
 3 SYSTEMPATH\Database\BaseBuilder.php(1649): CodeIgniter\Database\BaseConnection->query('SELECT `idUtilisateur`, `nom`, `prenom`, `login`, `idRole`
FROM `utilisateur`
JOIN `role` ON `utilisateur`.`idRole` = `role`.`idRole`
WHERE `login` = :login:
AND `mdp` = :mdp:', [...], false)
 4 APPPATH\Models\GsbModel.php(18): CodeIgniter\Database\BaseBuilder->get()
 5 APPPATH\Controllers\Connexion.php(52): App\Models\GsbModel->get_infos_utilisateur('yanis', '123')
 6 SYSTEMPATH\CodeIgniter.php(933): App\Controllers\Connexion->valider()
 7 SYSTEMPATH\CodeIgniter.php(507): CodeIgniter\CodeIgniter->runController(Object(App\Controllers\Connexion))
 8 SYSTEMPATH\CodeIgniter.php(354): CodeIgniter\CodeIgniter->handleRequest(null, Object(Config\Cache), false)
 9 SYSTEMPATH\Boot.php(363): CodeIgniter\CodeIgniter->run()
10 SYSTEMPATH\Boot.php(68): CodeIgniter\Boot::runCodeIgniter(Object(CodeIgniter\CodeIgniter))
11 FCPATH\index.php(59): CodeIgniter\Boot::bootWeb(Object(Config\Paths))
12 SYSTEMPATH\rewrite.php(44): require_once('Z:\\STS24_PERSON_YANIS\\Informatique\\APSLAM\\Mission3\\GSBFrais-V2\\public\\index.php')
CRITICAL - 2025-11-04 14:59:25 --> [Caused by] mysqli_sql_exception: Column 'idRole' in field list is ambiguous
in SYSTEMPATH\Database\MySQLi\Connection.php on line 327.
 1 SYSTEMPATH\Database\MySQLi\Connection.php(327): mysqli->query('SELECT `idUtilisateur`, `nom`, `prenom`, `login`, `idRole`
FROM `utilisateur`
JOIN `role` ON `utilisateur`.`idRole` = `role`.`idRole`
WHERE `login` = \'yanis\'
AND `mdp` = \'123\'', 0)
 2 SYSTEMPATH\Database\BaseConnection.php(729): CodeIgniter\Database\MySQLi\Connection->execute('SELECT `idUtilisateur`, `nom`, `prenom`, `login`, `idRole`
FROM `utilisateur`
JOIN `role` ON `utilisateur`.`idRole` = `role`.`idRole`
WHERE `login` = \'yanis\'
AND `mdp` = \'123\'')
 3 SYSTEMPATH\Database\BaseConnection.php(646): CodeIgniter\Database\BaseConnection->simpleQuery('SELECT `idUtilisateur`, `nom`, `prenom`, `login`, `idRole`
FROM `utilisateur`
JOIN `role` ON `utilisateur`.`idRole` = `role`.`idRole`
WHERE `login` = \'yanis\'
AND `mdp` = \'123\'')
 4 SYSTEMPATH\Database\BaseBuilder.php(1649): CodeIgniter\Database\BaseConnection->query('SELECT `idUtilisateur`, `nom`, `prenom`, `login`, `idRole`
FROM `utilisateur`
JOIN `role` ON `utilisateur`.`idRole` = `role`.`idRole`
WHERE `login` = :login:
AND `mdp` = :mdp:', [...], false)
 5 APPPATH\Models\GsbModel.php(18): CodeIgniter\Database\BaseBuilder->get()
 6 APPPATH\Controllers\Connexion.php(52): App\Models\GsbModel->get_infos_utilisateur('yanis', '123')
 7 SYSTEMPATH\CodeIgniter.php(933): App\Controllers\Connexion->valider()
 8 SYSTEMPATH\CodeIgniter.php(507): CodeIgniter\CodeIgniter->runController(Object(App\Controllers\Connexion))
 9 SYSTEMPATH\CodeIgniter.php(354): CodeIgniter\CodeIgniter->handleRequest(null, Object(Config\Cache), false)
10 SYSTEMPATH\Boot.php(363): CodeIgniter\CodeIgniter->run()
11 SYSTEMPATH\Boot.php(68): CodeIgniter\Boot::runCodeIgniter(Object(CodeIgniter\CodeIgniter))
12 FCPATH\index.php(59): CodeIgniter\Boot::bootWeb(Object(Config\Paths))
13 SYSTEMPATH\rewrite.php(44): require_once('Z:\\STS24_PERSON_YANIS\\Informatique\\APSLAM\\Mission3\\GSBFrais-V2\\public\\index.php')
DEBUG - 2025-11-04 15:00:36 --> Session: Class initialized using 'CodeIgniter\Session\Handlers\FileHandler' driver.
DEBUG - 2025-11-04 15:00:37 --> Session: Class initialized using 'CodeIgniter\Session\Handlers\FileHandler' driver.
DEBUG - 2025-11-04 15:07:34 --> Session: Class initialized using 'CodeIgniter\Session\Handlers\FileHandler' driver.
DEBUG - 2025-11-04 15:07:35 --> Session: Class initialized using 'CodeIgniter\Session\Handlers\FileHandler' driver.
DEBUG - 2025-11-04 15:07:35 --> Session: Class initialized using 'CodeIgniter\Session\Handlers\FileHandler' driver.
DEBUG - 2025-11-04 15:07:35 --> Session: Class initialized using 'CodeIgniter\Session\Handlers\FileHandler' driver.
DEBUG - 2025-11-04 15:07:41 --> Session: Class initialized using 'CodeIgniter\Session\Handlers\FileHandler' driver.
DEBUG - 2025-11-04 15:07:41 --> Session: Class initialized using 'CodeIgniter\Session\Handlers\FileHandler' driver.
DEBUG - 2025-11-04 15:08:35 --> Session: Class initialized using 'CodeIgniter\Session\Handlers\FileHandler' driver.
DEBUG - 2025-11-04 15:08:36 --> Session: Class initialized using 'CodeIgniter\Session\Handlers\FileHandler' driver.
DEBUG - 2025-11-04 15:08:42 --> Session: Class initialized using 'CodeIgniter\Session\Handlers\FileHandler' driver.
DEBUG - 2025-11-04 15:08:42 --> Session: Class initialized using 'CodeIgniter\Session\Handlers\FileHandler' driver.
DEBUG - 2025-11-04 15:27:19 --> Session: Class initialized using 'CodeIgniter\Session\Handlers\FileHandler' driver.
DEBUG - 2025-11-04 15:27:20 --> Session: Class initialized using 'CodeIgniter\Session\Handlers\FileHandler' driver.
DEBUG - 2025-11-04 15:27:20 --> Session: Class initialized using 'CodeIgniter\Session\Handlers\FileHandler' driver.
DEBUG - 2025-11-04 15:27:27 --> Session: Class initialized using 'CodeIgniter\Session\Handlers\FileHandler' driver.
DEBUG - 2025-11-04 15:27:28 --> Session: Class initialized using 'CodeIgniter\Session\Handlers\FileHandler' driver.
DEBUG - 2025-11-04 15:27:32 --> Session: Class initialized using 'CodeIgniter\Session\Handlers\FileHandler' driver.
DEBUG - 2025-11-04 15:27:33 --> Session: Class initialized using 'CodeIgniter\Session\Handlers\FileHandler' driver.
