DEBUG - 2025-10-14 13:41:18 --> Session: Class initialized using 'CodeIgniter\Session\Handlers\FileHandler' driver.
ERROR - 2025-10-14 13:42:16 --> Error connecting to the database: mysqli_sql_exception: The server requested authentication method unknown to the client [auth_gssapi_client] in Z:\STS24_PERSON_YANIS\Informatique\APSLAM\appGSBfrais25\GSBFrais-V2\system\Database\MySQLi\Connection.php:201
Stack trace:
#0 Z:\STS24_PERSON_YANIS\Informatique\APSLAM\appGSBfrais25\GSBFrais-V2\system\Database\MySQLi\Connection.php(201): mysqli->real_connect('localhost', 'root', Object(SensitiveParameterValue), 'gsbfrais-2025', 3306, '', 0)
#1 Z:\STS24_PERSON_YANIS\Informatique\APSLAM\appGSBfrais25\GSBFrais-V2\system\Database\BaseConnection.php(419): CodeIgniter\Database\MySQLi\Connection->connect(false)
#2 Z:\STS24_PERSON_YANIS\Informatique\APSLAM\appGSBfrais25\GSBFrais-V2\system\Database\BaseConnection.php(614): CodeIgniter\Database\BaseConnection->initialize()
#3 Z:\STS24_PERSON_YANIS\Informatique\APSLAM\appGSBfrais25\GSBFrais-V2\system\Database\BaseBuilder.php(1649): CodeIgniter\Database\BaseConnection->query('SELECT `idvisit...', Array, false)
#4 Z:\STS24_PERSON_YANIS\Informatique\APSLAM\appGSBfrais25\GSBFrais-V2\app\Models\GsbModel.php(17): CodeIgniter\Database\BaseBuilder->get()
#5 Z:\STS24_PERSON_YANIS\Informatique\APSLAM\appGSBfrais25\GSBFrais-V2\app\Controllers\Connexion.php(52): App\Models\GsbModel->get_infos_visiteur('dandre', 'oppg5')
#6 Z:\STS24_PERSON_YANIS\Informatique\APSLAM\appGSBfrais25\GSBFrais-V2\system\CodeIgniter.php(933): App\Controllers\Connexion->valider()
#7 Z:\STS24_PERSON_YANIS\Informatique\APSLAM\appGSBfrais25\GSBFrais-V2\system\CodeIgniter.php(507): CodeIgniter\CodeIgniter->runController(Object(App\Controllers\Connexion))
#8 Z:\STS24_PERSON_YANIS\Informatique\APSLAM\appGSBfrais25\GSBFrais-V2\system\CodeIgniter.php(354): CodeIgniter\CodeIgniter->handleRequest(NULL, Object(Config\Cache), false)
#9 Z:\STS24_PERSON_YANIS\Informatique\APSLAM\appGSBfrais25\GSBFrais-V2\system\Boot.php(363): CodeIgniter\CodeIgniter->run()
#10 Z:\STS24_PERSON_YANIS\Informatique\APSLAM\appGSBfrais25\GSBFrais-V2\system\Boot.php(68): CodeIgniter\Boot::runCodeIgniter(Object(CodeIgniter\CodeIgniter))
#11 Z:\STS24_PERSON_YANIS\Informatique\APSLAM\appGSBfrais25\GSBFrais-V2\public\index.php(59): CodeIgniter\Boot::bootWeb(Object(Config\Paths))
#12 Z:\STS24_PERSON_YANIS\Informatique\APSLAM\appGSBfrais25\GSBFrais-V2\system\rewrite.php(44): require_once('Z:\\STS24_PERSON...')
#13 {main}

Next CodeIgniter\Database\Exceptions\DatabaseException: The server requested authentication method unknown to the client [auth_gssapi_client] in Z:\STS24_PERSON_YANIS\Informatique\APSLAM\appGSBfrais25\GSBFrais-V2\system\Database\MySQLi\Connection.php:246
Stack trace:
#0 Z:\STS24_PERSON_YANIS\Informatique\APSLAM\appGSBfrais25\GSBFrais-V2\system\Database\BaseConnection.php(419): CodeIgniter\Database\MySQLi\Connection->connect(false)
#1 Z:\STS24_PERSON_YANIS\Informatique\APSLAM\appGSBfrais25\GSBFrais-V2\system\Database\BaseConnection.php(614): CodeIgniter\Database\BaseConnection->initialize()
#2 Z:\STS24_PERSON_YANIS\Informatique\APSLAM\appGSBfrais25\GSBFrais-V2\system\Database\BaseBuilder.php(1649): CodeIgniter\Database\BaseConnection->query('SELECT `idvisit...', Array, false)
#3 Z:\STS24_PERSON_YANIS\Informatique\APSLAM\appGSBfrais25\GSBFrais-V2\app\Models\GsbModel.php(17): CodeIgniter\Database\BaseBuilder->get()
#4 Z:\STS24_PERSON_YANIS\Informatique\APSLAM\appGSBfrais25\GSBFrais-V2\app\Controllers\Connexion.php(52): App\Models\GsbModel->get_infos_visiteur('dandre', 'oppg5')
#5 Z:\STS24_PERSON_YANIS\Informatique\APSLAM\appGSBfrais25\GSBFrais-V2\system\CodeIgniter.php(933): App\Controllers\Connexion->valider()
#6 Z:\STS24_PERSON_YANIS\Informatique\APSLAM\appGSBfrais25\GSBFrais-V2\system\CodeIgniter.php(507): CodeIgniter\CodeIgniter->runController(Object(App\Controllers\Connexion))
#7 Z:\STS24_PERSON_YANIS\Informatique\APSLAM\appGSBfrais25\GSBFrais-V2\system\CodeIgniter.php(354): CodeIgniter\CodeIgniter->handleRequest(NULL, Object(Config\Cache), false)
#8 Z:\STS24_PERSON_YANIS\Informatique\APSLAM\appGSBfrais25\GSBFrais-V2\system\Boot.php(363): CodeIgniter\CodeIgniter->run()
#9 Z:\STS24_PERSON_YANIS\Informatique\APSLAM\appGSBfrais25\GSBFrais-V2\system\Boot.php(68): CodeIgniter\Boot::runCodeIgniter(Object(CodeIgniter\CodeIgniter))
#10 Z:\STS24_PERSON_YANIS\Informatique\APSLAM\appGSBfrais25\GSBFrais-V2\public\index.php(59): CodeIgniter\Boot::bootWeb(Object(Config\Paths))
#11 Z:\STS24_PERSON_YANIS\Informatique\APSLAM\appGSBfrais25\GSBFrais-V2\system\rewrite.php(44): require_once('Z:\\STS24_PERSON...')
#12 {main}
CRITICAL - 2025-10-14 13:42:16 --> CodeIgniter\Database\Exceptions\DatabaseException: Unable to connect to the database.
Main connection [MySQLi]: The server requested authentication method unknown to the client [auth_gssapi_client]
[Method: POST, Route: connexion/valider]
in SYSTEMPATH\Database\BaseConnection.php on line 465.
 1 SYSTEMPATH\Database\BaseConnection.php(614): CodeIgniter\Database\BaseConnection->initialize()
 2 SYSTEMPATH\Database\BaseBuilder.php(1649): CodeIgniter\Database\BaseConnection->query('SELECT `idvisiteur`, `nom`, `prenom`, `login`
FROM `visiteur`
WHERE `login` = :login:
AND `mdp` = :mdp:', [...], false)
 3 APPPATH\Models\GsbModel.php(17): CodeIgniter\Database\BaseBuilder->get()
 4 APPPATH\Controllers\Connexion.php(52): App\Models\GsbModel->get_infos_visiteur('dandre', 'oppg5')
 5 SYSTEMPATH\CodeIgniter.php(933): App\Controllers\Connexion->valider()
 6 SYSTEMPATH\CodeIgniter.php(507): CodeIgniter\CodeIgniter->runController(Object(App\Controllers\Connexion))
 7 SYSTEMPATH\CodeIgniter.php(354): CodeIgniter\CodeIgniter->handleRequest(null, Object(Config\Cache), false)
 8 SYSTEMPATH\Boot.php(363): CodeIgniter\CodeIgniter->run()
 9 SYSTEMPATH\Boot.php(68): CodeIgniter\Boot::runCodeIgniter(Object(CodeIgniter\CodeIgniter))
10 FCPATH\index.php(59): CodeIgniter\Boot::bootWeb(Object(Config\Paths))
11 SYSTEMPATH\rewrite.php(44): require_once('Z:\\STS24_PERSON_YANIS\\Informatique\\APSLAM\\appGSBfrais25\\GSBFrais-V2\\public\\index.php')
DEBUG - 2025-10-14 13:43:34 --> Session: Class initialized using 'CodeIgniter\Session\Handlers\FileHandler' driver.
DEBUG - 2025-10-14 13:43:35 --> Session: Class initialized using 'CodeIgniter\Session\Handlers\FileHandler' driver.
DEBUG - 2025-10-14 13:44:28 --> Session: Class initialized using 'CodeIgniter\Session\Handlers\FileHandler' driver.
DEBUG - 2025-10-14 13:44:32 --> Session: Class initialized using 'CodeIgniter\Session\Handlers\FileHandler' driver.
DEBUG - 2025-10-14 13:44:35 --> Session: Class initialized using 'CodeIgniter\Session\Handlers\FileHandler' driver.
DEBUG - 2025-10-14 13:44:36 --> Session: Class initialized using 'CodeIgniter\Session\Handlers\FileHandler' driver.
DEBUG - 2025-10-14 13:49:32 --> Session: Class initialized using 'CodeIgniter\Session\Handlers\FileHandler' driver.
DEBUG - 2025-10-14 13:49:41 --> Session: Class initialized using 'CodeIgniter\Session\Handlers\FileHandler' driver.
DEBUG - 2025-10-14 13:49:41 --> Session: Class initialized using 'CodeIgniter\Session\Handlers\FileHandler' driver.
DEBUG - 2025-10-14 13:56:07 --> Session: Class initialized using 'CodeIgniter\Session\Handlers\FileHandler' driver.
